===20161219-101815,main[30]=== url: cmd=newFile&fromId=0&count=8&user=
===20161219-103416,main[29]=== url: cmd=newFile&fromId=0&count=8&user=
===20161219-132950,main[160]=== url: cmd=newFile&fromId=0&count=8&user=
===20161219-132950,main[171]=== cmd: newFile
===20161219-132950,main[180]=== === fromId:0, count:8, cmd:newFile, user:
===20161219-132950,print_file_list_json[51]=== redis connected error
===20161219-133203,main[160]=== url: cmd=newFile&fromId=0&count=8&user=
===20161219-133203,main[171]=== cmd: newFile
===20161219-133203,main[180]=== === fromId:0, count:8, cmd:newFile, user:
===20161219-133203,print_file_list_json[55]=== fromId:0, count:8
===20161219-133203,print_file_list_json[72]=== value_num=1

===20161219-133203,print_file_list_json[89]=== filename=1423723857390.png

===20161219-133203,print_file_list_json[94]=== user=

===20161219-133203,print_file_list_json[100]=== create_time=2016-12-19 13:31:53

===20161219-133203,print_file_list_json[119]=== file_url=http://192.168.23.222:8013/group1/M00/00/00/wKgX3lhXcMmANI9nAAAIfitoHaE251.png

===20161219-133203,print_file_list_json[136]=== {
	"games":	[{
			"id":	"group1/M00/00/00/wKgX3lhXcMmANI9nAAAIfitoHaE251.png",
			"kind":	2,
			"title_m":	"1423723857390.png",
			"title_s":	"",
			"descrip":	"2016-12-19 13:31:53",
			"picurl_m":	"http://192.168.23.222:80/static/file_png/png.png",
			"url":	"http://192.168.23.222:8013/group1/M00/00/00/wKgX3lhXcMmANI9nAAAIfitoHaE251.png"
		}]
}
===20161219-142748,main[160]=== url: cmd=newFile&fromId=0&count=8&user=
===20161219-142748,main[171]=== cmd: newFile
===20161219-142748,main[180]=== === fromId:0, count:8, cmd:newFile, user:
===20161219-142748,print_file_list_json[55]=== fromId:0, count:8
===20161219-142748,print_file_list_json[72]=== value_num=1

===20161219-142748,print_file_list_json[89]=== filename=1423723857390.png

===20161219-142748,print_file_list_json[94]=== user=

===20161219-142748,print_file_list_json[100]=== create_time=2016-12-19 13:31:53

===20161219-142748,print_file_list_json[119]=== file_url=http://192.168.23.222:8013/group1/M00/00/00/wKgX3lhXcMmANI9nAAAIfitoHaE251.png

===20161219-142748,print_file_list_json[136]=== {
	"games":	[{
			"id":	"group1/M00/00/00/wKgX3lhXcMmANI9nAAAIfitoHaE251.png",
			"kind":	2,
			"title_m":	"1423723857390.png",
			"title_s":	"",
			"descrip":	"2016-12-19 13:31:53",
			"picurl_m":	"http://192.168.23.222:80/static/file_png/png.png",
			"url":	"http://192.168.23.222:8013/group1/M00/00/00/wKgX3lhXcMmANI9nAAAIfitoHaE251.png"
		}]
}
===20161219-143232,main[160]=== url: cmd=newFile&fromId=0&count=8&user=
===20161219-143232,main[171]=== cmd: newFile
===20161219-143232,main[180]=== === fromId:0, count:8, cmd:newFile, user:
===20161219-143232,print_file_list_json[55]=== fromId:0, count:8
===20161219-143232,print_file_list_json[72]=== value_num=1

===20161219-143232,print_file_list_json[89]=== filename=1423723857390.png

===20161219-143232,print_file_list_json[94]=== user=

===20161219-143232,print_file_list_json[100]=== create_time=2016-12-19 13:31:53

===20161219-143232,print_file_list_json[119]=== file_url=http://192.168.23.222:8013/group1/M00/00/00/wKgX3lhXcMmANI9nAAAIfitoHaE251.png

===20161219-143232,print_file_list_json[136]=== {
	"games":	[{
			"id":	"group1/M00/00/00/wKgX3lhXcMmANI9nAAAIfitoHaE251.png",
			"kind":	2,
			"title_m":	"1423723857390.png",
			"title_s":	"",
			"descrip":	"2016-12-19 13:31:53",
			"picurl_m":	"http://192.168.23.222:80/static/file_png/png.png",
			"url":	"http://192.168.23.222:8013/group1/M00/00/00/wKgX3lhXcMmANI9nAAAIfitoHaE251.png"
		}]
}
===20161219-143912,main[160]=== url: cmd=newFile&fromId=0&count=8&user=
===20161219-143912,main[171]=== cmd: newFile
===20161219-143912,main[180]=== === fromId:0, count:8, cmd:newFile, user:
===20161219-143912,print_file_list_json[55]=== fromId:0, count:8
===20161219-143912,print_file_list_json[72]=== value_num=1

===20161219-143912,print_file_list_json[89]=== filename=1423723857390.png

===20161219-143912,print_file_list_json[94]=== user=

===20161219-143912,print_file_list_json[100]=== create_time=2016-12-19 13:31:53

===20161219-143912,print_file_list_json[119]=== file_url=http://192.168.23.222:8013/group1/M00/00/00/wKgX3lhXcMmANI9nAAAIfitoHaE251.png

===20161219-143912,print_file_list_json[136]=== {
	"games":	[{
			"id":	"group1/M00/00/00/wKgX3lhXcMmANI9nAAAIfitoHaE251.png",
			"kind":	2,
			"title_m":	"1423723857390.png",
			"title_s":	"",
			"descrip":	"2016-12-19 13:31:53",
			"picurl_m":	"http://192.168.23.222:80/static/file_png/png.png",
			"url":	"http://192.168.23.222:8013/group1/M00/00/00/wKgX3lhXcMmANI9nAAAIfitoHaE251.png"
		}]
}
===20161219-145408,main[160]=== url: cmd=newFile&fromId=0&count=8&user=
===20161219-145408,main[171]=== cmd: newFile
===20161219-145408,main[180]=== === fromId:0, count:8, cmd:newFile, user:
===20161219-145408,print_file_list_json[55]=== fromId:0, count:8
===20161219-145408,print_file_list_json[72]=== value_num=1

===20161219-145408,print_file_list_json[89]=== filename=1423723857390.png

===20161219-145408,print_file_list_json[94]=== user=

===20161219-145408,print_file_list_json[100]=== create_time=2016-12-19 13:31:53

===20161219-145408,print_file_list_json[119]=== file_url=http://192.168.23.222:8013/group1/M00/00/00/wKgX3lhXcMmANI9nAAAIfitoHaE251.png

===20161219-145408,print_file_list_json[136]=== {
	"games":	[{
			"id":	"group1/M00/00/00/wKgX3lhXcMmANI9nAAAIfitoHaE251.png",
			"kind":	2,
			"title_m":	"1423723857390.png",
			"title_s":	"",
			"descrip":	"2016-12-19 13:31:53",
			"picurl_m":	"http://192.168.23.222:80/static/file_png/png.png",
			"url":	"http://192.168.23.222:8013/group1/M00/00/00/wKgX3lhXcMmANI9nAAAIfitoHaE251.png"
		}]
}
===20161219-145416,main[160]=== url: cmd=newFile&fromId=1&count=8&user=
===20161219-145416,main[171]=== cmd: newFile
===20161219-145416,main[180]=== === fromId:1, count:8, cmd:newFile, user:
===20161219-145416,print_file_list_json[55]=== fromId:1, count:8
===20161219-145416,print_file_list_json[72]=== value_num=0

===20161219-145416,print_file_list_json[136]=== {
	"games":	[]
}
===20161219-151053,main[160]=== url: cmd=newFile&fromId=1&count=8&user=
===20161219-151053,main[171]=== cmd: newFile
===20161219-151053,main[180]=== === fromId:1, count:8, cmd:newFile, user:
===20161219-151053,print_file_list_json[55]=== fromId:1, count:8
===20161219-151053,print_file_list_json[72]=== value_num=1

===20161219-151053,print_file_list_json[89]=== filename=1423723857390.png

===20161219-151053,print_file_list_json[94]=== user=

===20161219-151053,print_file_list_json[100]=== create_time=2016-12-19 13:31:53

===20161219-151053,print_file_list_json[119]=== file_url=http://192.168.23.222:8013/group1/M00/00/00/wKgX3lhXcMmANI9nAAAIfitoHaE251.png

===20161219-151053,print_file_list_json[136]=== {
	"games":	[{
			"id":	"group1/M00/00/00/wKgX3lhXcMmANI9nAAAIfitoHaE251.png",
			"kind":	2,
			"title_m":	"1423723857390.png",
			"title_s":	"",
			"descrip":	"2016-12-19 13:31:53",
			"picurl_m":	"http://192.168.23.222:80/static/file_png/png.png",
			"url":	"http://192.168.23.222:8013/group1/M00/00/00/wKgX3lhXcMmANI9nAAAIfitoHaE251.png"
		}]
}
===20161219-151100,main[160]=== url: cmd=newFile&fromId=2&count=8&user=
===20161219-151100,main[171]=== cmd: newFile
===20161219-151100,main[180]=== === fromId:2, count:8, cmd:newFile, user:
===20161219-151100,print_file_list_json[55]=== fromId:2, count:8
===20161219-151100,print_file_list_json[72]=== value_num=0

===20161219-151100,print_file_list_json[136]=== {
	"games":	[]
}
===20161219-151122,main[160]=== url: cmd=newFile&fromId=2&count=8&user=
===20161219-151122,main[171]=== cmd: newFile
===20161219-151122,main[180]=== === fromId:2, count:8, cmd:newFile, user:
===20161219-151122,print_file_list_json[55]=== fromId:2, count:8
===20161219-151122,print_file_list_json[72]=== value_num=0

===20161219-151122,print_file_list_json[136]=== {
	"games":	[]
}
===20161219-151324,main[160]=== url: cmd=newFile&fromId=0&count=8&user=
===20161219-151324,main[171]=== cmd: newFile
===20161219-151324,main[180]=== === fromId:0, count:8, cmd:newFile, user:
===20161219-151324,print_file_list_json[55]=== fromId:0, count:8
===20161219-151324,print_file_list_json[72]=== value_num=2

===20161219-151324,print_file_list_json[89]=== filename=忏悔录.png

===20161219-151324,print_file_list_json[94]=== user=

===20161219-151324,print_file_list_json[100]=== create_time=2016-12-19 15:10:45

===20161219-151324,print_file_list_json[119]=== file_url=http://192.168.23.222:8013/group1/M00/00/00/wKgX3lhXh_SAOzT9ABin7riHCAA712.png

===20161219-151324,print_file_list_json[89]=== filename=1423723857390.png

===20161219-151324,print_file_list_json[94]=== user=

===20161219-151324,print_file_list_json[100]=== create_time=2016-12-19 13:31:53

===20161219-151324,print_file_list_json[119]=== file_url=http://192.168.23.222:8013/group1/M00/00/00/wKgX3lhXcMmANI9nAAAIfitoHaE251.png

===20161219-151324,print_file_list_json[136]=== {
	"games":	[{
			"id":	"group1/M00/00/00/wKgX3lhXh_SAOzT9ABin7riHCAA712.png",
			"kind":	2,
			"title_m":	"忏悔录.png",
			"title_s":	"",
			"descrip":	"2016-12-19 15:10:45",
			"picurl_m":	"http://192.168.23.222:80/static/file_png/png.png",
			"url":	"http://192.168.23.222:8013/group1/M00/00/00/wKgX3lhXh_SAOzT9ABin7riHCAA712.png"
		}, {
			"id":	"group1/M00/00/00/wKgX3lhXcMmANI9nAAAIfitoHaE251.png",
			"kind":	2,
			"title_m":	"1423723857390.png",
			"title_s":	"",
			"descrip":	"2016-12-19 13:31:53",
			"picurl_m":	"http://192.168.23.222:80/static/file_png/png.png",
			"url":	"http://192.168.23.222:8013/group1/M00/00/00/wKgX3lhXcMmANI9nAAAIfitoHaE251.png"
		}]
}
===20161219-162523,main[160]=== url: cmd=newFile&fromId=2&count=8&user=
===20161219-162523,main[171]=== cmd: newFile
===20161219-162523,main[180]=== === fromId:2, count:8, cmd:newFile, user:
===20161219-162523,print_file_list_json[55]=== fromId:2, count:8
===20161219-162523,print_file_list_json[72]=== value_num=0

===20161219-162523,print_file_list_json[136]=== {
	"games":	[]
}
===20161219-162535,main[160]=== url: cmd=newFile&fromId=0&count=8&user=
===20161219-162535,main[171]=== cmd: newFile
===20161219-162535,main[180]=== === fromId:0, count:8, cmd:newFile, user:
===20161219-162535,print_file_list_json[55]=== fromId:0, count:8
===20161219-162535,print_file_list_json[72]=== value_num=2

===20161219-162535,print_file_list_json[89]=== filename=忏悔录.png

===20161219-162535,print_file_list_json[94]=== user=

===20161219-162535,print_file_list_json[100]=== create_time=2016-12-19 15:10:45

===20161219-162535,print_file_list_json[119]=== file_url=http://192.168.23.222:8013/group1/M00/00/00/wKgX3lhXh_SAOzT9ABin7riHCAA712.png

===20161219-162535,print_file_list_json[89]=== filename=1423723857390.png

===20161219-162535,print_file_list_json[94]=== user=

===20161219-162535,print_file_list_json[100]=== create_time=2016-12-19 13:31:53

===20161219-162535,print_file_list_json[119]=== file_url=http://192.168.23.222:8013/group1/M00/00/00/wKgX3lhXcMmANI9nAAAIfitoHaE251.png

===20161219-162535,print_file_list_json[136]=== {
	"games":	[{
			"id":	"group1/M00/00/00/wKgX3lhXh_SAOzT9ABin7riHCAA712.png",
			"kind":	2,
			"title_m":	"忏悔录.png",
			"title_s":	"",
			"descrip":	"2016-12-19 15:10:45",
			"picurl_m":	"http://192.168.23.222:80/static/file_png/png.png",
			"url":	"http://192.168.23.222:8013/group1/M00/00/00/wKgX3lhXh_SAOzT9ABin7riHCAA712.png"
		}, {
			"id":	"group1/M00/00/00/wKgX3lhXcMmANI9nAAAIfitoHaE251.png",
			"kind":	2,
			"title_m":	"1423723857390.png",
			"title_s":	"",
			"descrip":	"2016-12-19 13:31:53",
			"picurl_m":	"http://192.168.23.222:80/static/file_png/png.png",
			"url":	"http://192.168.23.222:8013/group1/M00/00/00/wKgX3lhXcMmANI9nAAAIfitoHaE251.png"
		}]
}
===20161219-162548,main[160]=== url: cmd=newFile&fromId=0&count=8&user=
===20161219-162548,main[171]=== cmd: newFile
===20161219-162548,main[180]=== === fromId:0, count:8, cmd:newFile, user:
===20161219-162548,print_file_list_json[55]=== fromId:0, count:8
===20161219-162548,print_file_list_json[72]=== value_num=2

===20161219-162548,print_file_list_json[89]=== filename=忏悔录.png

===20161219-162548,print_file_list_json[94]=== user=

===20161219-162548,print_file_list_json[100]=== create_time=2016-12-19 15:10:45

===20161219-162548,print_file_list_json[119]=== file_url=http://192.168.23.222:8013/group1/M00/00/00/wKgX3lhXh_SAOzT9ABin7riHCAA712.png

===20161219-162548,print_file_list_json[89]=== filename=1423723857390.png

===20161219-162548,print_file_list_json[94]=== user=

===20161219-162548,print_file_list_json[100]=== create_time=2016-12-19 13:31:53

===20161219-162548,print_file_list_json[119]=== file_url=http://192.168.23.222:8013/group1/M00/00/00/wKgX3lhXcMmANI9nAAAIfitoHaE251.png

===20161219-162548,print_file_list_json[136]=== {
	"games":	[{
			"id":	"group1/M00/00/00/wKgX3lhXh_SAOzT9ABin7riHCAA712.png",
			"kind":	2,
			"title_m":	"忏悔录.png",
			"title_s":	"",
			"descrip":	"2016-12-19 15:10:45",
			"picurl_m":	"http://192.168.23.222:80/static/file_png/png.png",
			"url":	"http://192.168.23.222:8013/group1/M00/00/00/wKgX3lhXh_SAOzT9ABin7riHCAA712.png"
		}, {
			"id":	"group1/M00/00/00/wKgX3lhXcMmANI9nAAAIfitoHaE251.png",
			"kind":	2,
			"title_m":	"1423723857390.png",
			"title_s":	"",
			"descrip":	"2016-12-19 13:31:53",
			"picurl_m":	"http://192.168.23.222:80/static/file_png/png.png",
			"url":	"http://192.168.23.222:8013/group1/M00/00/00/wKgX3lhXcMmANI9nAAAIfitoHaE251.png"
		}]
}
===20161219-165255,main[160]=== url: cmd=newFile&fromId=0&count=8&user=
===20161219-165255,main[171]=== cmd: newFile
===20161219-165255,main[180]=== === fromId:0, count:8, cmd:newFile, user:
===20161219-165255,print_file_list_json[55]=== fromId:0, count:8
===20161219-165255,print_file_list_json[72]=== value_num=3

===20161219-165255,print_file_list_json[89]=== filename=1423723849454.jpg

===20161219-165255,print_file_list_json[94]=== user=

===20161219-165255,print_file_list_json[100]=== create_time=2016-12-19 16:52:48

===20161219-165255,print_file_list_json[119]=== file_url=http://192.168.23.222:8013/group1/M00/00/00/wKgX3lhXn-CAS_IWAAAXpGm0Cdw666.jpg

===20161219-165255,print_file_list_json[89]=== filename=忏悔录.png

===20161219-165255,print_file_list_json[94]=== user=

===20161219-165255,print_file_list_json[100]=== create_time=2016-12-19 15:10:45

===20161219-165255,print_file_list_json[119]=== file_url=http://192.168.23.222:8013/group1/M00/00/00/wKgX3lhXh_SAOzT9ABin7riHCAA712.png

===20161219-165255,print_file_list_json[89]=== filename=1423723857390.png

===20161219-165255,print_file_list_json[94]=== user=

===20161219-165255,print_file_list_json[100]=== create_time=2016-12-19 13:31:53

===20161219-165255,print_file_list_json[119]=== file_url=http://192.168.23.222:8013/group1/M00/00/00/wKgX3lhXcMmANI9nAAAIfitoHaE251.png

===20161219-165255,print_file_list_json[136]=== {
	"games":	[{
			"id":	"group1/M00/00/00/wKgX3lhXn-CAS_IWAAAXpGm0Cdw666.jpg",
			"kind":	2,
			"title_m":	"1423723849454.jpg",
			"title_s":	"",
			"descrip":	"2016-12-19 16:52:48",
			"picurl_m":	"http://192.168.23.222:80/static/file_png/jpg.png",
			"url":	"http://192.168.23.222:8013/group1/M00/00/00/wKgX3lhXn-CAS_IWAAAXpGm0Cdw666.jpg"
		}, {
			"id":	"group1/M00/00/00/wKgX3lhXh_SAOzT9ABin7riHCAA712.png",
			"kind":	2,
			"title_m":	"忏悔录.png",
			"title_s":	"",
			"descrip":	"2016-12-19 15:10:45",
			"picurl_m":	"http://192.168.23.222:80/static/file_png/png.png",
			"url":	"http://192.168.23.222:8013/group1/M00/00/00/wKgX3lhXh_SAOzT9ABin7riHCAA712.png"
		}, {
			"id":	"group1/M00/00/00/wKgX3lhXcMmANI9nAAAIfitoHaE251.png",
			"kind":	2,
			"title_m":	"1423723857390.png",
			"title_s":	"",
			"descrip":	"2016-12-19 13:31:53",
			"picurl_m":	"http://192.168.23.222:80/static/file_png/png.png",
			"url":	"http://192.168.23.222:8013/group1/M00/00/00/wKgX3lhXcMmANI9nAAAIfitoHaE251.png"
		}]
}
===20161219-171149,main[160]=== url: cmd=newFile&fromId=3&count=8&user=
===20161219-171149,main[171]=== cmd: newFile
===20161219-171149,main[180]=== === fromId:3, count:8, cmd:newFile, user:
===20161219-171149,print_file_list_json[55]=== fromId:3, count:8
===20161219-171149,print_file_list_json[72]=== value_num=0

===20161219-171149,print_file_list_json[136]=== {
	"games":	[]
}
===20161219-180641,main[160]=== url: cmd=newFile&fromId=0&count=8&user=
===20161219-180641,main[171]=== cmd: newFile
===20161219-180641,main[180]=== === fromId:0, count:8, cmd:newFile, user:
===20161219-180641,print_file_list_json[55]=== fromId:0, count:8
===20161219-180641,print_file_list_json[72]=== value_num=3

===20161219-180641,print_file_list_json[89]=== filename=1423723849454.jpg

===20161219-180641,print_file_list_json[94]=== user=

===20161219-180641,print_file_list_json[100]=== create_time=2016-12-19 16:52:48

===20161219-180641,print_file_list_json[119]=== file_url=http://192.168.23.222:8013/group1/M00/00/00/wKgX3lhXn-CAS_IWAAAXpGm0Cdw666.jpg

===20161219-180641,print_file_list_json[89]=== filename=忏悔录.png

===20161219-180641,print_file_list_json[94]=== user=

===20161219-180641,print_file_list_json[100]=== create_time=2016-12-19 15:10:45

===20161219-180641,print_file_list_json[119]=== file_url=http://192.168.23.222:8013/group1/M00/00/00/wKgX3lhXh_SAOzT9ABin7riHCAA712.png

===20161219-180641,print_file_list_json[89]=== filename=1423723857390.png

===20161219-180641,print_file_list_json[94]=== user=

===20161219-180641,print_file_list_json[100]=== create_time=2016-12-19 13:31:53

===20161219-180641,print_file_list_json[119]=== file_url=http://192.168.23.222:8013/group1/M00/00/00/wKgX3lhXcMmANI9nAAAIfitoHaE251.png

===20161219-180641,print_file_list_json[136]=== {
	"games":	[{
			"id":	"group1/M00/00/00/wKgX3lhXn-CAS_IWAAAXpGm0Cdw666.jpg",
			"kind":	2,
			"title_m":	"1423723849454.jpg",
			"title_s":	"",
			"descrip":	"2016-12-19 16:52:48",
			"picurl_m":	"http://192.168.23.222:80/static/file_png/jpg.png",
			"url":	"http://192.168.23.222:8013/group1/M00/00/00/wKgX3lhXn-CAS_IWAAAXpGm0Cdw666.jpg"
		}, {
			"id":	"group1/M00/00/00/wKgX3lhXh_SAOzT9ABin7riHCAA712.png",
			"kind":	2,
			"title_m":	"忏悔录.png",
			"title_s":	"",
			"descrip":	"2016-12-19 15:10:45",
			"picurl_m":	"http://192.168.23.222:80/static/file_png/png.png",
			"url":	"http://192.168.23.222:8013/group1/M00/00/00/wKgX3lhXh_SAOzT9ABin7riHCAA712.png"
		}, {
			"id":	"group1/M00/00/00/wKgX3lhXcMmANI9nAAAIfitoHaE251.png",
			"kind":	2,
			"title_m":	"1423723857390.png",
			"title_s":	"",
			"descrip":	"2016-12-19 13:31:53",
			"picurl_m":	"http://192.168.23.222:80/static/file_png/png.png",
			"url":	"http://192.168.23.222:8013/group1/M00/00/00/wKgX3lhXcMmANI9nAAAIfitoHaE251.png"
		}]
}
===20161219-185949,main[160]=== url: cmd=newFile&fromId=3&count=8&user=
===20161219-185949,main[171]=== cmd: newFile
===20161219-185949,main[180]=== === fromId:3, count:8, cmd:newFile, user:
===20161219-185949,print_file_list_json[55]=== fromId:3, count:8
===20161219-185949,print_file_list_json[72]=== value_num=0

===20161219-185949,print_file_list_json[136]=== {
	"games":	[]
}
===20161219-185950,main[160]=== url: cmd=newFile&fromId=3&count=8&user=
===20161219-185950,main[171]=== cmd: newFile
===20161219-185950,main[180]=== === fromId:3, count:8, cmd:newFile, user:
===20161219-185950,print_file_list_json[55]=== fromId:3, count:8
===20161219-185950,print_file_list_json[72]=== value_num=0

===20161219-185950,print_file_list_json[136]=== {
	"games":	[]
}
===20161219-190007,main[160]=== url: cmd=newFile&fromId=3&count=8&user=
===20161219-190007,main[171]=== cmd: newFile
===20161219-190007,main[180]=== === fromId:3, count:8, cmd:newFile, user:
===20161219-190007,print_file_list_json[55]=== fromId:3, count:8
===20161219-190007,print_file_list_json[72]=== value_num=0

===20161219-190007,print_file_list_json[136]=== {
	"games":	[]
}
